This file contains any messages produced by compilers while
running configure, to aid debugging if configure makes a mistake.

It was created by COFF2NOFF -bash 1.0, which was
generated by GNU Autoconf 2.52.  Invocation command line was

  $ -bash 

## ---------- ##
## Platform.  ##
## ---------- ##

hostname = tango-server
uname -m = i686
uname -r = 3.13.0-139-generic
uname -s = Linux
uname -v = #188-Ubuntu SMP Tue Jan 9 14:44:37 UTC 2018

/usr/bin/uname -p = unknown
/bin/uname -X     = unknown

/bin/arch              = unknown
/usr/bin/arch -k       = unknown
/usr/convex/getsysinfo = unknown
hostinfo               = unknown
/bin/machine           = unknown
/usr/bin/oslevel       = unknown
/bin/universe          = unknown

PATH = /usr/local/sbin:/usr/local/bin:/usr/sbin:/usr/bin:/sbin:/bin:/usr/games:/usr/local/games

## ------------ ##
## Core tests.  ##
## ------------ ##

-bash:916: PATH=".;."; conftest.sh
conftest.sh: command not found
-bash:919: $? = 127
-bash:974: checking for gcc
-bash:989: found /usr/bin/gcc
-bash:997: result: gcc
-bash:1225: checking for C compiler version
-bash:1228: gcc --version </dev/null >&5
gcc (Ubuntu 4.8.4-2ubuntu1~14.04.3) 4.8.4
Copyright (C) 2013 Free Software Foundation, Inc.
This is free software; see the source for copying conditions.  There is NO
warranty; not even for MERCHANTABILITY or FITNESS FOR A PARTICULAR PURPOSE.

-bash:1231: $? = 0
-bash:1233: gcc -v </dev/null >&5
Using built-in specs.
COLLECT_GCC=gcc
COLLECT_LTO_WRAPPER=/usr/lib/gcc/i686-linux-gnu/4.8/lto-wrapper
Target: i686-linux-gnu
Configured with: ../src/configure -v --with-pkgversion='Ubuntu 4.8.4-2ubuntu1~14.04.3' --with-bugurl=file:///usr/share/doc/gcc-4.8/README.Bugs --enable-languages=c,c++,java,go,d,fortran,objc,obj-c++ --prefix=/usr --program-suffix=-4.8 --enable-shared --enable-linker-build-id --libexecdir=/usr/lib --without-included-gettext --enable-threads=posix --with-gxx-include-dir=/usr/include/c++/4.8 --libdir=/usr/lib --enable-nls --with-sysroot=/ --enable-clocale=gnu --enable-libstdcxx-debug --enable-libstdcxx-time=yes --enable-gnu-unique-object --disable-libmudflap --enable-plugin --with-system-zlib --disable-browser-plugin --enable-java-awt=gtk --enable-gtk-cairo --with-java-home=/usr/lib/jvm/java-1.5.0-gcj-4.8-i386/jre --enable-java-home --with-jvm-root-dir=/usr/lib/jvm/java-1.5.0-gcj-4.8-i386 --with-jvm-jar-dir=/usr/lib/jvm-exports/java-1.5.0-gcj-4.8-i386 --with-arch-directory=i386 --with-ecj-jar=/usr/share/java/eclipse-ecj.jar --enable-objc-gc --enable-targets=all --enable-multiarch --disable-werror --with-arch-32=i686 --with-multilib-list=m32,m64,mx32 --with-tune=generic --enable-checking=release --build=i686-linux-gnu --host=i686-linux-gnu --target=i686-linux-gnu
Thread model: posix
gcc version 4.8.4 (Ubuntu 4.8.4-2ubuntu1~14.04.3) 
-bash:1236: $? = 0
-bash:1238: gcc -V </dev/null >&5
gcc: error: unrecognized command line option '-V'
gcc: fatal error: no input files
compilation terminated.
-bash:1241: $? = 4
-bash:1261: checking for C compiler default output
-bash:1264: gcc    conftest.c  >&5
-bash:1267: $? = 0
-bash:1296: result: a.out
-bash:1301: checking whether the C compiler works
-bash:1307: ./a.out
-bash:1310: $? = 0
-bash:1325: result: yes
-bash:1332: checking whether we are cross compiling
-bash:1334: result: no
-bash:1337: checking for executable suffix
-bash:1339: gcc -o conftest    conftest.c  >&5
-bash:1342: $? = 0
-bash:1364: result: 
-bash:1370: checking for object suffix
-bash:1388: gcc -c   conftest.c >&5
-bash:1391: $? = 0
-bash:1410: result: o
-bash:1414: checking whether we are using the GNU C compiler
-bash:1435: gcc -c   conftest.c >&5
-bash:1438: $? = 0
-bash:1441: test -s conftest.o
-bash:1444: $? = 0
-bash:1456: result: yes
-bash:1462: checking whether gcc accepts -g
-bash:1480: gcc -c -g  conftest.c >&5
-bash:1483: $? = 0
-bash:1486: test -s conftest.o
-bash:1489: $? = 0
-bash:1499: result: yes
-bash:1526: gcc -c -g -O2  conftest.c >&5
conftest.c:2:3: error: unknown type name 'choke'
   choke me
   ^
conftest.c:2:3: error: expected '=', ',', ';', 'asm' or '__attribute__' at end of input
-bash:1529: $? = 1
-bash: failed program was:
#ifndef __cplusplus
  choke me
#endif
-bash:1671: checking for strip
-bash:1686: found /usr/bin/strip
-bash:1694: result: strip
-bash:1751: checking for ld
-bash:1766: found /usr/bin/ld
-bash:1774: result: ld
-bash:1796: checking how to run the C preprocessor
-bash:1822: gcc -E  conftest.c
-bash:1828: $? = 0
-bash:1855: gcc -E  conftest.c
configure:1852:28: fatal error: ac_nonexistent.h: No such file or directory
 #include "confdefs.h"
                            ^
compilation terminated.
-bash:1861: $? = 1
-bash: failed program was:
#line 1851 "configure"
#include "confdefs.h"
#include <ac_nonexistent.h>
-bash:1898: result: gcc -E
-bash:1913: gcc -E  conftest.c
-bash:1919: $? = 0
-bash:1946: gcc -E  conftest.c
configure:1943:28: fatal error: ac_nonexistent.h: No such file or directory
 #include "confdefs.h"
                            ^
compilation terminated.
-bash:1952: $? = 1
-bash: failed program was:
#line 1942 "configure"
#include "confdefs.h"
#include <ac_nonexistent.h>
-bash:1994: checking for fcntl.h
-bash:2004: gcc -E  conftest.c
-bash:2010: $? = 0
-bash:2029: result: yes
-bash:1994: checking for limits.h
-bash:2004: gcc -E  conftest.c
-bash:2010: $? = 0
-bash:2029: result: yes
-bash:2042: checking for unistd.h
-bash:2052: gcc -E  conftest.c
-bash:2058: $? = 0
-bash:2077: result: yes
-bash:2090: checking for ANSI C header files
-bash:2104: gcc -E  conftest.c
-bash:2110: $? = 0
-bash:2197: gcc -o conftest -g -O2   conftest.c  >&5
configure: In function 'main':
configure:2189:7: warning: incompatible implicit declaration of built-in function 'exit' [enabled by default]
   for (i = 0; i < 256; i++)
       ^
-bash:2200: $? = 0
-bash:2202: ./conftest
-bash:2205: $? = 0
-bash:2218: result: yes
-bash:2231: checking for stdlib.h
-bash:2241: gcc -E  conftest.c
-bash:2247: $? = 0
-bash:2266: result: yes
-bash:2276: checking for working malloc
-bash:2302: gcc -o conftest -g -O2   conftest.c  >&5
-bash:2305: $? = 0
-bash:2307: ./conftest
-bash:2310: $? = 0
-bash:2322: result: yes
-bash:2413: creating ./config.status

## ----------------------- ##
## Running config.status.  ##
## ----------------------- ##

This file was extended by config.status (COFF2NOFF 1.0) 2.52, executed with
  CONFIG_FILES    = 
  CONFIG_HEADERS  = 
  CONFIG_LINKS    = 
  CONFIG_COMMANDS = 
  > ./config.status 
on tango-server

config.status:2843: creating Makefile
config.status:2874: error: cannot find input file: Makefile.in

## ----------------- ##
## Cache variables.  ##
## ----------------- ##

ac_cv_c_compiler_gnu=yes
ac_cv_env_CC_set=
ac_cv_env_CC_value=
ac_cv_env_CFLAGS_set=
ac_cv_env_CFLAGS_value=
ac_cv_env_CPPFLAGS_set=
ac_cv_env_CPPFLAGS_value=
ac_cv_env_CPP_set=
ac_cv_env_CPP_value=
ac_cv_env_LDFLAGS_set=
ac_cv_env_LDFLAGS_value=
ac_cv_env_build_alias_set=
ac_cv_env_build_alias_value=
ac_cv_env_host_alias_set=
ac_cv_env_host_alias_value=
ac_cv_env_target_alias_set=
ac_cv_env_target_alias_value=
ac_cv_func_malloc_works=yes
ac_cv_header_fcntl_h=yes
ac_cv_header_limits_h=yes
ac_cv_header_stdc=yes
ac_cv_header_stdlib_h=yes
ac_cv_header_unistd_h=yes
ac_cv_objext=o
ac_cv_prog_CPP='gcc -E'
ac_cv_prog_ac_ct_CC=gcc
ac_cv_prog_ac_ct_LD=ld
ac_cv_prog_ac_ct_STRIP=strip
ac_cv_prog_cc_g=yes

## ------------ ##
## confdefs.h.  ##
## ------------ ##

#define HAVE_FCNTL_H 1
#define HAVE_LIMITS_H 1
#define HAVE_UNISTD_H 1
#define STDC_HEADERS 1
#define HAVE_STDLIB_H 1
#define HAVE_MALLOC 1


-bash: exit 1

## ----------------------- ##
## Running config.status.  ##
## ----------------------- ##

This file was extended by -bash (COFF2NOFF 1.0) 2.52, executed with
  CONFIG_FILES    = 
  CONFIG_HEADERS  = 
  CONFIG_LINKS    = 
  CONFIG_COMMANDS = 
  > -bash 
on tango-server

-bash:2843: creating Makefile
-bash:2874: error: cannot find input file: Makefile.in
